<?xml version="1.0" encoding="UTF-8"?><testsuite name="nosetests" tests="27" errors="0" failures="0" skip="8"><testcase classname="tests.functionals.TestBotBase.TestBotBase" name="test_001_bot_local_chrome" time="0.001"><skipped type="unittest.case.SkipTest" message="TRAVIS build not support local drivers"><![CDATA[Exception: TRAVIS build not support local drivers
]]></skipped></testcase><testcase classname="tests.functionals.TestBotBase.TestBotBase" name="test_002_bot_local_firefox" time="0.000"><skipped type="unittest.case.SkipTest" message="TRAVIS build not support local drivers"><![CDATA[Exception: TRAVIS build not support local drivers
]]></skipped></testcase><testcase classname="tests.functionals.TestBotBase.TestBotBase" name="test_003_bot_local_phantomjs" time="0.000"><skipped type="unittest.case.SkipTest" message="TRAVIS build not support local drivers"><![CDATA[Exception: TRAVIS build not support local drivers
]]></skipped></testcase><testcase classname="tests.functionals.TestBotBase.TestBotBase" name="test_004_bot_local_iexplorer" time="0.000"><skipped type="unittest.case.SkipTest" message="TRAVIS build not support local drivers"><![CDATA[Exception: TRAVIS build not support local drivers
]]></skipped></testcase><testcase classname="tests.functionals.TestBotBase.TestBotBase" name="test_005_bot_local_edge" time="0.000"><skipped type="unittest.case.SkipTest" message="TRAVIS build not support local drivers"><![CDATA[Exception: TRAVIS build not support local drivers
]]></skipped></testcase><testcase classname="tests.functionals.TestBotBase.TestBotBase" name="test_006_bot_remote_chrome" time="11.205"></testcase><testcase classname="tests.functionals.TestBotBase.TestBotBase" name="test_007_bot_remote_firefox" time="0.000"><skipped type="unittest.case.SkipTest" message="TRAVIS build not support remote firefox drivers"><![CDATA[Exception: TRAVIS build not support remote firefox drivers
]]></skipped></testcase><testcase classname="tests.functionals.TestBotBase.TestBotBase" name="test_008_bot_remote_phantomjs" time="10.387"></testcase><testcase classname="tests.functionals.TestBotBase.TestBotBase" name="test_009_bot_remote_iexplorer" time="0.000"><skipped type="unittest.case.SkipTest" message="TRAVIS build not support remote windows drivers"><![CDATA[Exception: TRAVIS build not support remote windows drivers
]]></skipped></testcase><testcase classname="tests.functionals.TestBotBase.TestBotBase" name="test_010_bot_remote_edge" time="0.000"><skipped type="unittest.case.SkipTest" message="TRAVIS build not support remote windows drivers"><![CDATA[Exception: TRAVIS build not support remote windows drivers
]]></skipped></testcase><testcase classname="tests.functionals.TestControlBase.TestControlBase" name="test_001_controlbase_instance_selector" time="6.139"></testcase><testcase classname="tests.functionals.TestControlBase.TestControlBase" name="test_002_controlbase_instance_element" time="4.953"></testcase><testcase classname="tests.functionals.TestNavBase.TestNavBase" name="test_001_page_base_go_url_with_wait_param" time="4.451"></testcase><testcase classname="tests.functionals.TestNavBase.TestNavBase" name="test_001_page_base_go_url_without_wait_param" time="4.705"></testcase><testcase classname="tests.functionals.TestPageBase.TestPageBase" name="test_001_page_base_instance" time="4.352"></testcase><testcase classname="tests.functionals.TestPageBase.TestPageBase" name="test_002_page_base_instance_go_url_False" time="1.269"></testcase><testcase classname="tests.functionals.TestPageBase.TestPageBase" name="test_003_page_base_method_go_page_url" time="6.851"></testcase><testcase classname="tests.functionals.TestPageBase.TestPageBase" name="test_004_page_base_method_get_elements_one_element" time="4.336"></testcase><testcase classname="tests.functionals.TestPageBase.TestPageBase" name="test_005_page_base_method_get_elements_multiple_elements" time="4.852"></testcase><testcase classname="tests.functionals.TestPageLogin.TestPageLogin" name="test_001_page_login_instance" time="4.038"></testcase><testcase classname="tests.functionals.TestPageLogin.TestPageLogin" name="test_002_page_login_instance_without_selectors" time="2.247"><system-err><![CDATA[2017-09-30 01:31:17,725 - qacode - ERROR - FAILED qacode.core: message=Can't instance PageLogin elements if not have 3 selectors
2017-09-30 01:31:17,728 - qacode - INFO - PageLogin failed success
2017-09-30 01:31:17,730 - qacode - DEBUG - TestInfoBase.tearDown: finishing testsuite...
2017-09-30 01:31:17,733 - qacode - INFO - Closing browser
2017-09-30 01:31:17,846 - qacode - INFO - Closed browser OK
]]></system-err></testcase><testcase classname="tests.functionals.TestPageLogin.TestPageLogin" name="test_003_page_login_method_loging_creeds_ok" time="4.714"></testcase><testcase classname="tests.functionals.TestPageLogin.TestPageLogin" name="test_004_page_login_method_loging_creeds_empty_user" time="3.939"></testcase><testcase classname="tests.functionals.TestPageLogin.TestPageLogin" name="test_005_page_login_method_loging_creeds_empty_pass" time="3.869"></testcase><testcase classname="tests.functionals.TestPageLogin.TestPageLogin" name="test_006_page_login_method_loging_creeds_empty" time="3.865"></testcase><testcase classname="tests.functionals.TestTestInfoBot.TestTestInfoBot" name="test_001_inheritance" time="1.167"></testcase><testcase classname="tests.functionals.TestTestInfoBot.TestTestInfoBot" name="test_002_bots_methods" time="1.157"></testcase></testsuite>